<?xml version="1.0" encoding="UTF-8"?>
<testsuites name="New Test Suite" time="24" tests="0" failures="1" errors="0">
   <testsuite name="New Test Suite" tests="0" failures="1" errors="0" time="24" timestamp="2019-01-06 14:56:24" hostname="marce - FOLIO" id="Test Suites/New Test Suite">
      <properties>
         <property name="deviceName" value=""/>
         <property name="devicePlatform" value=""/>
         <property name="logFolder" value="C:\\Katalon\\Bot\\Reports\\New Test Suite\\20190106_145615"/>
         <property name="logFiles" value="C:\\Katalon\\Bot\\Reports\\New Test Suite\\20190106_145615\\execution0.log"/>
         <property name="attachments" value=""/>
         <property name="hostName" value="marce - FOLIO"/>
         <property name="os" value="Windows 10 64bit"/>
         <property name="katalonVersion" value="5.10.1.1"/>
         <property name="browser" value="Firefox 64.0"/>
         <property name="hostAddress" value="192.168.56.1"/>
         <property name="sessionId" value="d29ac2dd-65a2-4603-a3a5-498bc1fd6a42"/>
         <property name="seleniumVersion" value="3.7.1"/>
         <property name="proxyInformation" value="ProxyInformation{proxyOption=NO_PROXY, proxyServerType=HTTP, password=, proxyServerAddress=, proxyServerPort=0}"/>
         <property name="platform" value="Windows 10"/>
      </properties>
      <testcase name="Test Cases/EdenorBOT" classname="Test Cases/EdenorBOT" status="FAILED">
         <failure type="FAILED" message="Test Cases/EdenorBOT FAILED.
Reason:
com.kms.katalon.core.exception.StepFailedException: Unable to set text 'Informacion' of object 'Object Repository/BOT/Page_Edenor Clientes/input_Resolv tu consulta_wdrgy' (Root cause: org.openqa.selenium.WebDriverException: Failed to decode response from marionette
Build info: version: '3.7.1', revision: '8a0099a', time: '2017-11-06T21:07:36.161Z'
System info: host: 'FOLIO', ip: '192.168.56.1', os.name: 'Windows 10', os.arch: 'amd64', os.version: '10.0', java.version: '1.8.0_181'
Driver info: com.kms.katalon.core.webui.driver.firefox.CGeckoDriver
Capabilities {acceptInsecureCerts: true, browserName: firefox, browserVersion: 64.0, javascriptEnabled: true, moz:accessibilityChecks: false, moz:geckodriverVersion: 0.23.0, moz:headless: false, moz:processID: 19752, moz:profile: C:\Users\marce\AppData\Loca..., moz:shutdownTimeout: 60000, moz:useNonSpecCompliantPointerOrigin: false, moz:webdriverClick: true, pageLoadStrategy: normal, platform: WINDOWS, platformName: WINDOWS, platformVersion: 10.0, proxy: Proxy(direct), rotatable: false, setWindowRect: true, timeouts: {implicit: 0, pageLoad: 300000, script: 30000}, unhandledPromptBehavior: dismiss and notify}
Session ID: d29ac2dd-65a2-4603-a3a5-498bc1fd6a42
*** Element info: {Using=xpath, value=//input[@value='']})
	at com.kms.katalon.core.keyword.internal.KeywordMain.stepFailed(KeywordMain.groovy:36)
	at com.kms.katalon.core.webui.keyword.internal.WebUIKeywordMain.stepFailed(WebUIKeywordMain.groovy:65)
	at com.kms.katalon.core.webui.keyword.internal.WebUIKeywordMain.runKeyword(WebUIKeywordMain.groovy:27)
	at com.kms.katalon.core.webui.keyword.builtin.SetTextKeyword.setText(SetTextKeyword.groovy:65)
	at com.kms.katalon.core.webui.keyword.builtin.SetTextKeyword.execute(SetTextKeyword.groovy:37)
	at com.kms.katalon.core.keyword.internal.KeywordExecutor.executeKeywordForPlatform(KeywordExecutor.groovy:53)
	at com.kms.katalon.core.webui.keyword.WebUiBuiltInKeywords.setText(WebUiBuiltInKeywords.groovy:950)
	at com.kms.katalon.core.webui.keyword.WebUiBuiltInKeywords$setText$4.call(Unknown Source)
	at EdenorBOT.run(EdenorBOT:37)
	at com.kms.katalon.core.main.ScriptEngine.run(ScriptEngine.java:194)
	at com.kms.katalon.core.main.ScriptEngine.runScriptAsRawText(ScriptEngine.java:119)
	at com.kms.katalon.core.main.TestCaseExecutor.runScript(TestCaseExecutor.java:328)
	at com.kms.katalon.core.main.TestCaseExecutor.doExecute(TestCaseExecutor.java:319)
	at com.kms.katalon.core.main.TestCaseExecutor.processExecutionPhase(TestCaseExecutor.java:298)
	at com.kms.katalon.core.main.TestCaseExecutor.accessMainPhase(TestCaseExecutor.java:290)
	at com.kms.katalon.core.main.TestCaseExecutor.execute(TestCaseExecutor.java:224)
	at com.kms.katalon.core.main.TestSuiteExecutor.accessTestCaseMainPhase(TestSuiteExecutor.java:129)
	at com.kms.katalon.core.main.TestSuiteExecutor.accessTestSuiteMainPhase(TestSuiteExecutor.java:112)
	at com.kms.katalon.core.main.TestSuiteExecutor.execute(TestSuiteExecutor.java:81)
	at com.kms.katalon.core.main.TestCaseMain.startTestSuite(TestCaseMain.java:149)
	at com.kms.katalon.core.main.TestCaseMain$startTestSuite$0.call(Unknown Source)
	at TempTestSuite1546797380450.run(TempTestSuite1546797380450.groovy:36)
"/>
         <system-out><![CDATA[2019-01-06 14:56:25 - [TEST_CASE][FAILED] - Test Cases/EdenorBOT: Test Cases/EdenorBOT FAILED.
Reason:
com.kms.katalon.core.exception.StepFailedException: Unable to set text 'Informacion' of object 'Object Repository/BOT/Page_Edenor Clientes/input_Resolv tu consulta_wdrgy' (Root cause: org.openqa.selenium.WebDriverException: Failed to decode response from marionette
Build info: version: '3.7.1', revision: '8a0099a', time: '2017-11-06T21:07:36.161Z'
System info: host: 'FOLIO', ip: '192.168.56.1', os.name: 'Windows 10', os.arch: 'amd64', os.version: '10.0', java.version: '1.8.0_181'
Driver info: com.kms.katalon.core.webui.driver.firefox.CGeckoDriver
Capabilities {acceptInsecureCerts: true, browserName: firefox, browserVersion: 64.0, javascriptEnabled: true, moz:accessibilityChecks: false, moz:geckodriverVersion: 0.23.0, moz:headless: false, moz:processID: 19752, moz:profile: C:\Users\marce\AppData\Loca..., moz:shutdownTimeout: 60000, moz:useNonSpecCompliantPointerOrigin: false, moz:webdriverClick: true, pageLoadStrategy: normal, platform: WINDOWS, platformName: WINDOWS, platformVersion: 10.0, proxy: Proxy(direct), rotatable: false, setWindowRect: true, timeouts: {implicit: 0, pageLoad: 300000, script: 30000}, unhandledPromptBehavior: dismiss and notify}
Session ID: d29ac2dd-65a2-4603-a3a5-498bc1fd6a42
*** Element info: {Using=xpath, value=//input[@value='']})
	at com.kms.katalon.core.keyword.internal.KeywordMain.stepFailed(KeywordMain.groovy:36)
	at com.kms.katalon.core.webui.keyword.internal.WebUIKeywordMain.stepFailed(WebUIKeywordMain.groovy:65)
	at com.kms.katalon.core.webui.keyword.internal.WebUIKeywordMain.runKeyword(WebUIKeywordMain.groovy:27)
	at com.kms.katalon.core.webui.keyword.builtin.SetTextKeyword.setText(SetTextKeyword.groovy:65)
	at com.kms.katalon.core.webui.keyword.builtin.SetTextKeyword.execute(SetTextKeyword.groovy:37)
	at com.kms.katalon.core.keyword.internal.KeywordExecutor.executeKeywordForPlatform(KeywordExecutor.groovy:53)
	at com.kms.katalon.core.webui.keyword.WebUiBuiltInKeywords.setText(WebUiBuiltInKeywords.groovy:950)
	at com.kms.katalon.core.webui.keyword.WebUiBuiltInKeywords$setText$4.call(Unknown Source)
	at EdenorBOT.run(EdenorBOT:37)
	at com.kms.katalon.core.main.ScriptEngine.run(ScriptEngine.java:194)
	at com.kms.katalon.core.main.ScriptEngine.runScriptAsRawText(ScriptEngine.java:119)
	at com.kms.katalon.core.main.TestCaseExecutor.runScript(TestCaseExecutor.java:328)
	at com.kms.katalon.core.main.TestCaseExecutor.doExecute(TestCaseExecutor.java:319)
	at com.kms.katalon.core.main.TestCaseExecutor.processExecutionPhase(TestCaseExecutor.java:298)
	at com.kms.katalon.core.main.TestCaseExecutor.accessMainPhase(TestCaseExecutor.java:290)
	at com.kms.katalon.core.main.TestCaseExecutor.execute(TestCaseExecutor.java:224)
	at com.kms.katalon.core.main.TestSuiteExecutor.accessTestCaseMainPhase(TestSuiteExecutor.java:129)
	at com.kms.katalon.core.main.TestSuiteExecutor.accessTestSuiteMainPhase(TestSuiteExecutor.java:112)
	at com.kms.katalon.core.main.TestSuiteExecutor.execute(TestSuiteExecutor.java:81)
	at com.kms.katalon.core.main.TestCaseMain.startTestSuite(TestCaseMain.java:149)
	at com.kms.katalon.core.main.TestCaseMain$startTestSuite$0.call(Unknown Source)
	at TempTestSuite1546797380450.run(TempTestSuite1546797380450.groovy:36)


2019-01-06 14:56:25 - [TEST_STEP][PASSED] - openBrowser(""): Browser is opened with url: ''

2019-01-06 14:56:26 - [MESSAGE][INFO] - Starting 'Firefox' driver

2019-01-06 14:56:26 - [MESSAGE][INFO] - Action delay is set to 0 seconds

2019-01-06 14:56:33 - [MESSAGE][PASSED] - Browser is opened with url: ''

2019-01-06 14:56:33 - [TEST_STEP][PASSED] - navigateToUrl("http://www.edenor.com.ar/cms/SP/CLI/home.html"): Navigate to 'http://www.edenor.com.ar/cms/SP/CLI/home.html' successfully

2019-01-06 14:56:40 - [MESSAGE][PASSED] - Navigate to 'http://www.edenor.com.ar/cms/SP/CLI/home.html' successfully

2019-01-06 14:56:40 - [TEST_STEP][PASSED] - waitForElementClickable(findTestObject("Object Repository/BOT/Page_Edenor Clientes/img"), 0): Object 'Object Repository/BOT/Page_Edenor Clientes/img' is clickable

2019-01-06 14:56:40 - [MESSAGE][WARNING] - Timeout '0' is invalid. Using default page load timeout: '30'

2019-01-06 14:56:40 - [MESSAGE][PASSED] - Object 'Object Repository/BOT/Page_Edenor Clientes/img' is clickable

2019-01-06 14:56:40 - [TEST_STEP][PASSED] - click(findTestObject("Object Repository/BOT/Page_Edenor Clientes/img")): Object: 'Object Repository/BOT/Page_Edenor Clientes/img' is clicked on

2019-01-06 14:56:41 - [MESSAGE][PASSED] - Object: 'Object Repository/BOT/Page_Edenor Clientes/img' is clicked on

2019-01-06 14:56:41 - [TEST_STEP][PASSED] - waitForElementPresent(findTestObject("Object Repository/BOT/Page_Edenor Clientes/div_Hola soy el asistente virt"), 0): Object 'Object Repository/BOT/Page_Edenor Clientes/div_Hola soy el asistente virt' is present

2019-01-06 14:56:41 - [MESSAGE][WARNING] - Timeout '0' is invalid. Using default page load timeout: '30'

2019-01-06 14:56:41 - [MESSAGE][PASSED] - Object 'Object Repository/BOT/Page_Edenor Clientes/div_Hola soy el asistente virt' is present

2019-01-06 14:56:41 - [TEST_STEP][PASSED] - setText(findTestObject("Object Repository/BOT/Page_Edenor Clientes/input_Hola_wdrgy-wc-shellinput"), "Hola"): Text 'Hola' is set on object 'Object Repository/BOT/Page_Edenor Clientes/input_Hola_wdrgy-wc-shellinput'

2019-01-06 14:56:41 - [MESSAGE][PASSED] - Text 'Hola' is set on object 'Object Repository/BOT/Page_Edenor Clientes/input_Hola_wdrgy-wc-shellinput'

2019-01-06 14:56:41 - [TEST_STEP][PASSED] - click(findTestObject("Object Repository/BOT/Page_Edenor Clientes/img_edenor_wdrgy-console-icon")): Object: 'Object Repository/BOT/Page_Edenor Clientes/img_edenor_wdrgy-console-icon' is clicked on

2019-01-06 14:56:41 - [MESSAGE][PASSED] - Object: 'Object Repository/BOT/Page_Edenor Clientes/img_edenor_wdrgy-console-icon' is clicked on

2019-01-06 14:56:41 - [TEST_STEP][PASSED] - verifyElementPresent(findTestObject("Object Repository/BOT/Page_Edenor Clientes/p_Hola Espero que ests muy bie"), 0): Object 'Object Repository/BOT/Page_Edenor Clientes/p_Hola Espero que ests muy bie' is present

2019-01-06 14:56:41 - [MESSAGE][WARNING] - Timeout '0' is invalid. Using default page load timeout: '30'

2019-01-06 14:56:43 - [MESSAGE][PASSED] - Object 'Object Repository/BOT/Page_Edenor Clientes/p_Hola Espero que ests muy bie' is present

2019-01-06 14:56:43 - [TEST_STEP][PASSED] - delay(5): Delayed 5 second(s)

2019-01-06 14:56:48 - [MESSAGE][PASSED] - Delayed 5 second(s)

2019-01-06 14:56:48 - [TEST_STEP][FAILED] - setText(findTestObject("Object Repository/BOT/Page_Edenor Clientes/input_Resolv tu consulta_wdrgy"), "Informacion"): setText(findTestObject("Object Repository/BOT/Page_Edenor Clientes/input_Resolv tu consulta_wdrgy"), "Informacion") FAILED.
Reason:
com.kms.katalon.core.exception.StepFailedException: Unable to set text 'Informacion' of object 'Object Repository/BOT/Page_Edenor Clientes/input_Resolv tu consulta_wdrgy' (Root cause: org.openqa.selenium.WebDriverException: Failed to decode response from marionette
Build info: version: '3.7.1', revision: '8a0099a', time: '2017-11-06T21:07:36.161Z'
System info: host: 'FOLIO', ip: '192.168.56.1', os.name: 'Windows 10', os.arch: 'amd64', os.version: '10.0', java.version: '1.8.0_181'
Driver info: com.kms.katalon.core.webui.driver.firefox.CGeckoDriver
Capabilities {acceptInsecureCerts: true, browserName: firefox, browserVersion: 64.0, javascriptEnabled: true, moz:accessibilityChecks: false, moz:geckodriverVersion: 0.23.0, moz:headless: false, moz:processID: 19752, moz:profile: C:\Users\marce\AppData\Loca..., moz:shutdownTimeout: 60000, moz:useNonSpecCompliantPointerOrigin: false, moz:webdriverClick: true, pageLoadStrategy: normal, platform: WINDOWS, platformName: WINDOWS, platformVersion: 10.0, proxy: Proxy(direct), rotatable: false, setWindowRect: true, timeouts: {implicit: 0, pageLoad: 300000, script: 30000}, unhandledPromptBehavior: dismiss and notify}
Session ID: d29ac2dd-65a2-4603-a3a5-498bc1fd6a42
*** Element info: {Using=xpath, value=//input[@value='']})
	at com.kms.katalon.core.keyword.internal.KeywordMain.stepFailed(KeywordMain.groovy:36)
	at com.kms.katalon.core.webui.keyword.internal.WebUIKeywordMain.stepFailed(WebUIKeywordMain.groovy:65)
	at com.kms.katalon.core.webui.keyword.internal.WebUIKeywordMain.runKeyword(WebUIKeywordMain.groovy:27)
	at com.kms.katalon.core.webui.keyword.builtin.SetTextKeyword.setText(SetTextKeyword.groovy:65)
	at com.kms.katalon.core.webui.keyword.builtin.SetTextKeyword.execute(SetTextKeyword.groovy:37)
	at com.kms.katalon.core.keyword.internal.KeywordExecutor.executeKeywordForPlatform(KeywordExecutor.groovy:53)
	at com.kms.katalon.core.webui.keyword.WebUiBuiltInKeywords.setText(WebUiBuiltInKeywords.groovy:950)
	at com.kms.katalon.core.webui.keyword.WebUiBuiltInKeywords$setText$4.call(Unknown Source)
	at EdenorBOT.run(EdenorBOT:37)
	at com.kms.katalon.core.main.ScriptEngine.run(ScriptEngine.java:194)
	at com.kms.katalon.core.main.ScriptEngine.runScriptAsRawText(ScriptEngine.java:119)
	at com.kms.katalon.core.main.TestCaseExecutor.runScript(TestCaseExecutor.java:328)
	at com.kms.katalon.core.main.TestCaseExecutor.doExecute(TestCaseExecutor.java:319)
	at com.kms.katalon.core.main.TestCaseExecutor.processExecutionPhase(TestCaseExecutor.java:298)
	at com.kms.katalon.core.main.TestCaseExecutor.accessMainPhase(TestCaseExecutor.java:290)
	at com.kms.katalon.core.main.TestCaseExecutor.execute(TestCaseExecutor.java:224)
	at com.kms.katalon.core.main.TestSuiteExecutor.accessTestCaseMainPhase(TestSuiteExecutor.java:129)
	at com.kms.katalon.core.main.TestSuiteExecutor.accessTestSuiteMainPhase(TestSuiteExecutor.java:112)
	at com.kms.katalon.core.main.TestSuiteExecutor.execute(TestSuiteExecutor.java:81)
	at com.kms.katalon.core.main.TestCaseMain.startTestSuite(TestCaseMain.java:149)
	at com.kms.katalon.core.main.TestCaseMain$startTestSuite$0.call(Unknown Source)
	at TempTestSuite1546797380450.run(TempTestSuite1546797380450.groovy:36)


2019-01-06 14:56:48 - [MESSAGE][WARNING] - Cannot take screenshot

2019-01-06 14:56:48 - [MESSAGE][FAILED] - Unable to set text 'Informacion' of object 'Object Repository/BOT/Page_Edenor Clientes/input_Resolv tu consulta_wdrgy' (Root cause: org.openqa.selenium.WebDriverException: Failed to decode response from marionette
Build info: version: '3.7.1', revision: '8a0099a', time: '2017-11-06T21:07:36.161Z'
System info: host: 'FOLIO', ip: '192.168.56.1', os.name: 'Windows 10', os.arch: 'amd64', os.version: '10.0', java.version: '1.8.0_181'
Driver info: com.kms.katalon.core.webui.driver.firefox.CGeckoDriver
Capabilities {acceptInsecureCerts: true, browserName: firefox, browserVersion: 64.0, javascriptEnabled: true, moz:accessibilityChecks: false, moz:geckodriverVersion: 0.23.0, moz:headless: false, moz:processID: 19752, moz:profile: C:\Users\marce\AppData\Loca..., moz:shutdownTimeout: 60000, moz:useNonSpecCompliantPointerOrigin: false, moz:webdriverClick: true, pageLoadStrategy: normal, platform: WINDOWS, platformName: WINDOWS, platformVersion: 10.0, proxy: Proxy(direct), rotatable: false, setWindowRect: true, timeouts: {implicit: 0, pageLoad: 300000, script: 30000}, unhandledPromptBehavior: dismiss and notify}
Session ID: d29ac2dd-65a2-4603-a3a5-498bc1fd6a42
*** Element info: {Using=xpath, value=//input[@value='']})

2019-01-06 14:56:48 - [MESSAGE][FAILED] - setText(findTestObject("Object Repository/BOT/Page_Edenor Clientes/input_Resolv tu consulta_wdrgy"), "Informacion") FAILED.
Reason:
com.kms.katalon.core.exception.StepFailedException: Unable to set text 'Informacion' of object 'Object Repository/BOT/Page_Edenor Clientes/input_Resolv tu consulta_wdrgy' (Root cause: org.openqa.selenium.WebDriverException: Failed to decode response from marionette
Build info: version: '3.7.1', revision: '8a0099a', time: '2017-11-06T21:07:36.161Z'
System info: host: 'FOLIO', ip: '192.168.56.1', os.name: 'Windows 10', os.arch: 'amd64', os.version: '10.0', java.version: '1.8.0_181'
Driver info: com.kms.katalon.core.webui.driver.firefox.CGeckoDriver
Capabilities {acceptInsecureCerts: true, browserName: firefox, browserVersion: 64.0, javascriptEnabled: true, moz:accessibilityChecks: false, moz:geckodriverVersion: 0.23.0, moz:headless: false, moz:processID: 19752, moz:profile: C:\Users\marce\AppData\Loca..., moz:shutdownTimeout: 60000, moz:useNonSpecCompliantPointerOrigin: false, moz:webdriverClick: true, pageLoadStrategy: normal, platform: WINDOWS, platformName: WINDOWS, platformVersion: 10.0, proxy: Proxy(direct), rotatable: false, setWindowRect: true, timeouts: {implicit: 0, pageLoad: 300000, script: 30000}, unhandledPromptBehavior: dismiss and notify}
Session ID: d29ac2dd-65a2-4603-a3a5-498bc1fd6a42
*** Element info: {Using=xpath, value=//input[@value='']})
	at com.kms.katalon.core.keyword.internal.KeywordMain.stepFailed(KeywordMain.groovy:36)
	at com.kms.katalon.core.webui.keyword.internal.WebUIKeywordMain.stepFailed(WebUIKeywordMain.groovy:65)
	at com.kms.katalon.core.webui.keyword.internal.WebUIKeywordMain.runKeyword(WebUIKeywordMain.groovy:27)
	at com.kms.katalon.core.webui.keyword.builtin.SetTextKeyword.setText(SetTextKeyword.groovy:65)
	at com.kms.katalon.core.webui.keyword.builtin.SetTextKeyword.execute(SetTextKeyword.groovy:37)
	at com.kms.katalon.core.keyword.internal.KeywordExecutor.executeKeywordForPlatform(KeywordExecutor.groovy:53)
	at com.kms.katalon.core.webui.keyword.WebUiBuiltInKeywords.setText(WebUiBuiltInKeywords.groovy:950)
	at com.kms.katalon.core.webui.keyword.WebUiBuiltInKeywords$setText$4.call(Unknown Source)
	at EdenorBOT.run(EdenorBOT:37)
	at com.kms.katalon.core.main.ScriptEngine.run(ScriptEngine.java:194)
	at com.kms.katalon.core.main.ScriptEngine.runScriptAsRawText(ScriptEngine.java:119)
	at com.kms.katalon.core.main.TestCaseExecutor.runScript(TestCaseExecutor.java:328)
	at com.kms.katalon.core.main.TestCaseExecutor.doExecute(TestCaseExecutor.java:319)
	at com.kms.katalon.core.main.TestCaseExecutor.processExecutionPhase(TestCaseExecutor.java:298)
	at com.kms.katalon.core.main.TestCaseExecutor.accessMainPhase(TestCaseExecutor.java:290)
	at com.kms.katalon.core.main.TestCaseExecutor.execute(TestCaseExecutor.java:224)
	at com.kms.katalon.core.main.TestSuiteExecutor.accessTestCaseMainPhase(TestSuiteExecutor.java:129)
	at com.kms.katalon.core.main.TestSuiteExecutor.accessTestSuiteMainPhase(TestSuiteExecutor.java:112)
	at com.kms.katalon.core.main.TestSuiteExecutor.execute(TestSuiteExecutor.java:81)
	at com.kms.katalon.core.main.TestCaseMain.startTestSuite(TestCaseMain.java:149)
	at com.kms.katalon.core.main.TestCaseMain$startTestSuite$0.call(Unknown Source)
	at TempTestSuite1546797380450.run(TempTestSuite1546797380450.groovy:36)


2019-01-06 14:56:48 - [TEST_STEP][ERROR] - Start listener action : sampleAfterTestCase: org.codehaus.groovy.runtime.InvokerInvocationException: groovy.lang.MissingMethodException: No signature of method: NewTestListener.{"text": () is applicable for argument types: (java.lang.String) values: [Test Cases/EdenorBOT]

2019-01-06 14:56:48 - [TEST_STEP][PASSED] - status = testCaseContext.getTestCaseStatus(): null

2019-01-06 14:56:48 - [TEST_STEP][ERROR] - if (status == "FAILED"): org.codehaus.groovy.runtime.InvokerInvocationException: groovy.lang.MissingMethodException: No signature of method: NewTestListener.{"text": () is applicable for argument types: (java.lang.String) values: [Test Cases/EdenorBOT]

2019-01-06 14:56:48 - [TEST_STEP][PASSED] - endpoint = "https://hooks.slack.com/services/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": null

2019-01-06 14:56:48 - [TEST_STEP][PASSED] - requestMethod = "POST": null

2019-01-06 14:56:48 - [TEST_STEP][PASSED] - header2 = new com.kms.katalon.core.testobject.TestObjectProperty(Content-Type, com.kms.katalon.core.testobject.ConditionType.EQUALS, application/json): null

2019-01-06 14:56:48 - [TEST_STEP][PASSED] - defaultHeaders = Arrays.asList(header2): null

2019-01-06 14:56:48 - [TEST_STEP][PASSED] - testCaseId = testCaseContext.getTestCaseId(): null

2019-01-06 14:56:48 - [TEST_STEP][ERROR] - body =  + "TC FAILED"}: org.codehaus.groovy.runtime.InvokerInvocationException: groovy.lang.MissingMethodException: No signature of method: NewTestListener.{"text": () is applicable for argument types: (java.lang.String) values: [Test Cases/EdenorBOT]

2019-01-06 14:56:48 - [MESSAGE][ERROR] - org.codehaus.groovy.runtime.InvokerInvocationException: groovy.lang.MissingMethodException: No signature of method: NewTestListener.{"text": () is applicable for argument types: (java.lang.String) values: [Test Cases/EdenorBOT]]]></system-out>
         <system-err><![CDATA[2019-01-06 14:56:25 - [TEST_CASE][FAILED] - Test Cases/EdenorBOT: Test Cases/EdenorBOT FAILED.
Reason:
com.kms.katalon.core.exception.StepFailedException: Unable to set text 'Informacion' of object 'Object Repository/BOT/Page_Edenor Clientes/input_Resolv tu consulta_wdrgy' (Root cause: org.openqa.selenium.WebDriverException: Failed to decode response from marionette
Build info: version: '3.7.1', revision: '8a0099a', time: '2017-11-06T21:07:36.161Z'
System info: host: 'FOLIO', ip: '192.168.56.1', os.name: 'Windows 10', os.arch: 'amd64', os.version: '10.0', java.version: '1.8.0_181'
Driver info: com.kms.katalon.core.webui.driver.firefox.CGeckoDriver
Capabilities {acceptInsecureCerts: true, browserName: firefox, browserVersion: 64.0, javascriptEnabled: true, moz:accessibilityChecks: false, moz:geckodriverVersion: 0.23.0, moz:headless: false, moz:processID: 19752, moz:profile: C:\Users\marce\AppData\Loca..., moz:shutdownTimeout: 60000, moz:useNonSpecCompliantPointerOrigin: false, moz:webdriverClick: true, pageLoadStrategy: normal, platform: WINDOWS, platformName: WINDOWS, platformVersion: 10.0, proxy: Proxy(direct), rotatable: false, setWindowRect: true, timeouts: {implicit: 0, pageLoad: 300000, script: 30000}, unhandledPromptBehavior: dismiss and notify}
Session ID: d29ac2dd-65a2-4603-a3a5-498bc1fd6a42
*** Element info: {Using=xpath, value=//input[@value='']})
	at com.kms.katalon.core.keyword.internal.KeywordMain.stepFailed(KeywordMain.groovy:36)
	at com.kms.katalon.core.webui.keyword.internal.WebUIKeywordMain.stepFailed(WebUIKeywordMain.groovy:65)
	at com.kms.katalon.core.webui.keyword.internal.WebUIKeywordMain.runKeyword(WebUIKeywordMain.groovy:27)
	at com.kms.katalon.core.webui.keyword.builtin.SetTextKeyword.setText(SetTextKeyword.groovy:65)
	at com.kms.katalon.core.webui.keyword.builtin.SetTextKeyword.execute(SetTextKeyword.groovy:37)
	at com.kms.katalon.core.keyword.internal.KeywordExecutor.executeKeywordForPlatform(KeywordExecutor.groovy:53)
	at com.kms.katalon.core.webui.keyword.WebUiBuiltInKeywords.setText(WebUiBuiltInKeywords.groovy:950)
	at com.kms.katalon.core.webui.keyword.WebUiBuiltInKeywords$setText$4.call(Unknown Source)
	at EdenorBOT.run(EdenorBOT:37)
	at com.kms.katalon.core.main.ScriptEngine.run(ScriptEngine.java:194)
	at com.kms.katalon.core.main.ScriptEngine.runScriptAsRawText(ScriptEngine.java:119)
	at com.kms.katalon.core.main.TestCaseExecutor.runScript(TestCaseExecutor.java:328)
	at com.kms.katalon.core.main.TestCaseExecutor.doExecute(TestCaseExecutor.java:319)
	at com.kms.katalon.core.main.TestCaseExecutor.processExecutionPhase(TestCaseExecutor.java:298)
	at com.kms.katalon.core.main.TestCaseExecutor.accessMainPhase(TestCaseExecutor.java:290)
	at com.kms.katalon.core.main.TestCaseExecutor.execute(TestCaseExecutor.java:224)
	at com.kms.katalon.core.main.TestSuiteExecutor.accessTestCaseMainPhase(TestSuiteExecutor.java:129)
	at com.kms.katalon.core.main.TestSuiteExecutor.accessTestSuiteMainPhase(TestSuiteExecutor.java:112)
	at com.kms.katalon.core.main.TestSuiteExecutor.execute(TestSuiteExecutor.java:81)
	at com.kms.katalon.core.main.TestCaseMain.startTestSuite(TestCaseMain.java:149)
	at com.kms.katalon.core.main.TestCaseMain$startTestSuite$0.call(Unknown Source)
	at TempTestSuite1546797380450.run(TempTestSuite1546797380450.groovy:36)]]></system-err>
      </testcase>
      <system-out><![CDATA[2019-01-06 14:56:24 - [TEST_SUITE][INCOMPLETE] - New Test Suite: null]]></system-out>
      <system-err><![CDATA[2019-01-06 14:56:24 - [TEST_SUITE][INCOMPLETE] - New Test Suite: null]]></system-err>
   </testsuite>
</testsuites>
